<?xml version="1.0" encoding="UTF-8"?>
<!-- Generated by org.testng.reporters.JUnitReportReporter -->
<testsuite hostname="CSI-0033" failures="0" tests="9" name="testCases.HybridExecuteTest" time="12.375" errors="0" timestamp="2020-04-18T23:31:45 IST" skipped="0">
  <testcase classname="testCases.HybridExecuteTest" name="testCase" time="0.122"/>
  <testcase classname="testCases.HybridExecuteTest" name="testCase" time="0.087"/>
  <testcase classname="testCases.HybridExecuteTest" name="testCase" time="1.386"/>
  <testcase classname="testCases.HybridExecuteTest" name="testCase" time="0.163"/>
  <testcase classname="testCases.HybridExecuteTest" name="testCase" time="0.916"/>
  <testcase classname="testCases.HybridExecuteTest" name="testCase" time="1.905"/>
  <testcase classname="testCases.HybridExecuteTest" name="testCase" time="0.141"/>
  <testcase classname="testCases.HybridExecuteTest" name="testCase" time="2.020"/>
  <testcase classname="testCases.HybridExecuteTest" name="testCase" time="5.635"/>
</testsuite> <!-- testCases.HybridExecuteTest -->
